<?xml version="1.0" encoding="UTF-8"?>
<!-- Generated by org.testng.reporters.JUnitReportReporter -->
<testsuite skipped="0" hostname="LAPTOP-S1CU7QQO" name="onlineShopTest.TC2_OnlineShop" tests="2" failures="0" timestamp="2020-11-13T21:57:57 IST" time="18.964" errors="0">
  <testcase name="shopProduct" time="18.853" classname="onlineShopTest.TC2_OnlineShop"/>
  <system-out/>
  <testcase name="verifyPurchaseDetails" time="0.111" classname="onlineShopTest.TC2_OnlineShop"/>
  <system-out/>
</testsuite> <!-- onlineShopTest.TC2_OnlineShop -->
